<?xml version="1.0" encoding="UTF-8"?>
<testsuites name="POCcollection" time="35.521" tests="2" failures="0" errors="0">
   <testsuite name="POCcollection" tests="2" failures="0" errors="0" time="35.521" skipped="0" timestamp="2022-12-21 14:46:12" hostname="A1061235 - DESKTOP-N91SSCP.hewitt.com" id="Test Suites/POCcollection">
      <properties>
         <property name="deviceName" value=""/>
         <property name="devicePlatform" value=""/>
         <property name="logFolder" value="D:\\Users\\A1061235\\git\\Katalon_POCs\\Reports\\20221221_144608\\POCcollection\\20221221_144608"/>
         <property name="logFiles" value="D:\\Users\\A1061235\\git\\Katalon_POCs\\Reports\\20221221_144608\\POCcollection\\20221221_144608\\execution0.log"/>
         <property name="attachments" value=""/>
         <property name="hostName" value="A1061235 - DESKTOP-N91SSCP.hewitt.com"/>
         <property name="os" value="Windows 10 64bit"/>
         <property name="katalonVersion" value="8.2.5.208"/>
         <property name="browser" value="Chrome 108.0.0.0"/>
         <property name="hostAddress" value="10.41.140.178"/>
         <property name="sessionId" value="1e764026f353f5ad21df444648a204bf"/>
         <property name="seleniumVersion" value="3.141.59"/>
         <property name="proxyInformation" value="ProxyInformation { proxyOption=NO_PROXY, proxyServerType=HTTP, username=, password=********, proxyServerAddress=, proxyServerPort=0, executionList=&quot;&quot;, isApplyToDesiredCapabilities=true }"/>
         <property name="platform" value="Windows 10"/>
      </properties>
      <testcase name="Test Cases/login" time="17.663" classname="Test Cases/login" status="PASSED">
         <system-out><![CDATA[2022-12-21 14:46:13 - [TEST_CASE][PASSED] - Test Cases/login: Test Cases/login

2022-12-21 14:46:13 - [TEST_STEP][PASSED] - openBrowser(URL): Browser is opened with url: 'https://katalon-demo-cura.herokuapp.com/'

2022-12-21 14:46:14 - [MESSAGE][INFO] - Starting 'Chrome' driver

2022-12-21 14:46:14 - [MESSAGE][INFO] - Action delay is set to 0 milliseconds

2022-12-21 14:46:21 - [MESSAGE][PASSED] - Browser is opened with url: 'https://katalon-demo-cura.herokuapp.com/'

2022-12-21 14:46:21 - [TEST_STEP][PASSED] - delay(4): Delayed 4 second(s)

2022-12-21 14:46:25 - [MESSAGE][PASSED] - Delayed 4 second(s)

2022-12-21 14:46:25 - [TEST_STEP][PASSED] - click(findTestObject("Object Repository/appointment")): Object: 'Object Repository/appointment' is clicked on

2022-12-21 14:46:26 - [MESSAGE][PASSED] - Object: 'Object Repository/appointment' is clicked on

2022-12-21 14:46:26 - [TEST_STEP][PASSED] - delay(4): Delayed 4 second(s)

2022-12-21 14:46:30 - [MESSAGE][PASSED] - Delayed 4 second(s)

2022-12-21 14:46:30 - [TEST_STEP][PASSED] - closeBrowser(): Browser is closed

2022-12-21 14:46:30 - [MESSAGE][PASSED] - Browser is closed]]></system-out>
         <system-err><![CDATA[]]></system-err>
      </testcase>
      <testcase name="Test Cases/loginp" time="17.443" classname="Test Cases/loginp" status="PASSED">
         <system-out><![CDATA[2022-12-21 14:46:30 - [TEST_CASE][PASSED] - Test Cases/loginp: Test Cases/loginp

2022-12-21 14:46:31 - [TEST_STEP][PASSED] - openBrowser(urls): Browser is opened with url: 'https://master-qp3.cba.qa.alight.com/safe'

2022-12-21 14:46:31 - [MESSAGE][INFO] - Starting 'Chrome' driver

2022-12-21 14:46:31 - [MESSAGE][INFO] - Action delay is set to 0 milliseconds

2022-12-21 14:46:37 - [MESSAGE][PASSED] - Browser is opened with url: 'https://master-qp3.cba.qa.alight.com/safe'

2022-12-21 14:46:37 - [TEST_STEP][PASSED] - delay(4): Delayed 4 second(s)

2022-12-21 14:46:41 - [MESSAGE][PASSED] - Delayed 4 second(s)

2022-12-21 14:46:41 - [TEST_STEP][PASSED] - click(findTestObject("Object Repository/continue_button")): Object: 'Object Repository/continue_button' is clicked on

2022-12-21 14:46:43 - [MESSAGE][PASSED] - Object: 'Object Repository/continue_button' is clicked on

2022-12-21 14:46:43 - [TEST_STEP][PASSED] - delay(4): Delayed 4 second(s)

2022-12-21 14:46:47 - [MESSAGE][PASSED] - Delayed 4 second(s)

2022-12-21 14:46:47 - [TEST_STEP][PASSED] - closeBrowser(): Browser is closed

2022-12-21 14:46:48 - [MESSAGE][PASSED] - Browser is closed]]></system-out>
         <system-err><![CDATA[]]></system-err>
      </testcase>
      <system-out><![CDATA[2022-12-21 14:46:12 - [TEST_SUITE][PASSED] - POCcollection: Test Cases/loginp]]></system-out>
      <system-err><![CDATA[]]></system-err>
   </testsuite>
</testsuites>
