<?xml version="1.0" encoding="UTF-8"?>
<testsuites name="POCcollection" time="42.246" tests="2" failures="0" errors="0">
   <testsuite name="POCcollection" tests="2" failures="0" errors="0" time="42.246" skipped="0" timestamp="2022-12-20 11:49:48" hostname="A1061235 - DESKTOP-N91SSCP.hewitt.com" id="Test Suites/POCcollection">
      <properties>
         <property name="deviceName" value=""/>
         <property name="devicePlatform" value=""/>
         <property name="logFolder" value="D:\\Users\\A1061235\\git\\Katalon_POCs\\Reports\\20221220_114942\\POCcollection\\20221220_114942"/>
         <property name="logFiles" value="D:\\Users\\A1061235\\git\\Katalon_POCs\\Reports\\20221220_114942\\POCcollection\\20221220_114942\\execution0.log"/>
         <property name="attachments" value=""/>
         <property name="hostName" value="A1061235 - DESKTOP-N91SSCP.hewitt.com"/>
         <property name="os" value="Windows 10 64bit"/>
         <property name="katalonVersion" value="8.2.5.208"/>
         <property name="browser" value="Chrome 108.0.0.0"/>
         <property name="hostAddress" value="10.41.140.178"/>
         <property name="sessionId" value="94f9d96a955d1f2b2522b708ee8f4faf"/>
         <property name="seleniumVersion" value="3.141.59"/>
         <property name="proxyInformation" value="ProxyInformation { proxyOption=NO_PROXY, proxyServerType=HTTP, username=, password=********, proxyServerAddress=, proxyServerPort=0, executionList=&quot;&quot;, isApplyToDesiredCapabilities=true }"/>
         <property name="platform" value="Windows 10"/>
      </properties>
      <testcase name="Test Cases/login" time="21.786" classname="Test Cases/login" status="PASSED">
         <system-out><![CDATA[2022-12-20 11:49:49 - [TEST_CASE][PASSED] - Test Cases/login: Test Cases/login

2022-12-20 11:49:49 - [TEST_STEP][PASSED] - openBrowser(URL): Browser is opened with url: 'https://katalon-demo-cura.herokuapp.com/'

2022-12-20 11:49:50 - [MESSAGE][INFO] - Starting 'Chrome' driver

2022-12-20 11:49:50 - [MESSAGE][INFO] - Action delay is set to 0 milliseconds

2022-12-20 11:50:00 - [MESSAGE][PASSED] - Browser is opened with url: 'https://katalon-demo-cura.herokuapp.com/'

2022-12-20 11:50:00 - [TEST_STEP][PASSED] - delay(4): Delayed 4 second(s)

2022-12-20 11:50:04 - [MESSAGE][PASSED] - Delayed 4 second(s)

2022-12-20 11:50:04 - [TEST_STEP][PASSED] - click(findTestObject("Object Repository/appointment")): Object: 'Object Repository/appointment' is clicked on

2022-12-20 11:50:05 - [MESSAGE][PASSED] - Object: 'Object Repository/appointment' is clicked on

2022-12-20 11:50:05 - [TEST_STEP][PASSED] - delay(4): Delayed 4 second(s)

2022-12-20 11:50:09 - [MESSAGE][PASSED] - Delayed 4 second(s)

2022-12-20 11:50:09 - [TEST_STEP][PASSED] - closeBrowser(): Browser is closed

2022-12-20 11:50:11 - [MESSAGE][PASSED] - Browser is closed]]></system-out>
         <system-err><![CDATA[]]></system-err>
      </testcase>
      <testcase name="Test Cases/loginp" time="20.014" classname="Test Cases/loginp" status="PASSED">
         <system-out><![CDATA[2022-12-20 11:50:11 - [TEST_CASE][PASSED] - Test Cases/loginp: Test Cases/loginp

2022-12-20 11:50:11 - [TEST_STEP][PASSED] - openBrowser(urls): Browser is opened with url: 'https://master-qp4.cba.qa.alight.com/safe'

2022-12-20 11:50:11 - [MESSAGE][INFO] - Starting 'Chrome' driver

2022-12-20 11:50:11 - [MESSAGE][INFO] - Action delay is set to 0 milliseconds

2022-12-20 11:50:18 - [MESSAGE][PASSED] - Browser is opened with url: 'https://master-qp4.cba.qa.alight.com/safe'

2022-12-20 11:50:18 - [TEST_STEP][PASSED] - delay(4): Delayed 4 second(s)

2022-12-20 11:50:22 - [MESSAGE][PASSED] - Delayed 4 second(s)

2022-12-20 11:50:22 - [TEST_STEP][PASSED] - click(findTestObject("Object Repository/continue_button")): Object: 'Object Repository/continue_button' is clicked on

2022-12-20 11:50:25 - [MESSAGE][PASSED] - Object: 'Object Repository/continue_button' is clicked on

2022-12-20 11:50:25 - [TEST_STEP][PASSED] - delay(4): Delayed 4 second(s)

2022-12-20 11:50:29 - [MESSAGE][PASSED] - Delayed 4 second(s)

2022-12-20 11:50:29 - [TEST_STEP][PASSED] - closeBrowser(): Browser is closed

2022-12-20 11:50:31 - [MESSAGE][PASSED] - Browser is closed]]></system-out>
         <system-err><![CDATA[]]></system-err>
      </testcase>
      <system-out><![CDATA[2022-12-20 11:49:48 - [TEST_SUITE][PASSED] - POCcollection: Test Cases/loginp]]></system-out>
      <system-err><![CDATA[]]></system-err>
   </testsuite>
</testsuites>
